Checking for new versions...

Getting ready...
Ready! You are using Stripe API Version [2025-05-28.basil]. Your webhook signing secret is whsec_b38540db08aeef3482b7a05417e2fd80defc34e7d1fcb48a3f60273a7851eff7 (^C to quit)
2026-03-31 12:14:14   --> charge.failed [evt_3TH4vhABx89998kV074knKZb]
2026-03-31 12:14:14  <--  [200] POST http://localhost:5001/api/payments/webhook/stripe [evt_3TH4vhABx89998kV074knKZb]
2026-03-31 12:14:14   --> payment_intent.created [evt_3TH4vhABx89998kV04OIiL5A]
2026-03-31 12:14:14  <--  [200] POST http://localhost:5001/api/payments/webhook/stripe [evt_3TH4vhABx89998kV04OIiL5A]
2026-03-31 12:14:14   --> payment_intent.payment_failed [evt_3TH4vhABx89998kV0jPuhHbG]
2026-03-31 12:14:14  <--  [200] POST http://localhost:5001/api/payments/webhook/stripe [evt_3TH4vhABx89998kV0jPuhHbG]
2026-03-31 12:17:35   --> payment_intent.created [evt_3TH4yxABx89998kV1WD15Tr3]
2026-03-31 12:17:35  <--  [200] POST http://localhost:5001/api/payments/webhook/stripe [evt_3TH4yxABx89998kV1WD15Tr3]
2026-03-31 12:17:35   --> payment_intent.created [evt_3TH4yxABx89998kV1GLd6hKw]
2026-03-31 12:17:35  <--  [200] POST http://localhost:5001/api/payments/webhook/stripe [evt_3TH4yxABx89998kV1GLd6hKw]
2026-03-31 12:17:38   --> payment_intent.created [evt_3TH4z0ABx89998kV1YNLFQH1]
2026-03-31 12:17:38  <--  [200] POST http://localhost:5001/api/payments/webhook/stripe [evt_3TH4z0ABx89998kV1YNLFQH1]
2026-03-31 12:17:38   --> payment_intent.created [evt_3TH4z0ABx89998kV0x193uEK]
2026-03-31 12:17:38  <--  [200] POST http://localhost:5001/api/payments/webhook/stripe [evt_3TH4z0ABx89998kV0x193uEK]
2026-03-31 13:07:09   --> payment_intent.created [evt_3TH5kuABx89998kV1M4ES5K7]
2026-03-31 13:07:09  <--  [200] POST http://localhost:5001/api/payments/webhook/stripe [evt_3TH5kuABx89998kV1M4ES5K7]
2026-03-31 13:07:09   --> payment_intent.created [evt_3TH5kuABx89998kV1Z84Gy9k]
2026-03-31 13:07:09  <--  [200] POST http://localhost:5001/api/payments/webhook/stripe [evt_3TH5kuABx89998kV1Z84Gy9k]
2026-03-31 13:07:30   --> payment_intent.created [evt_3TH5lGABx89998kV1Sm7iPOD]
2026-03-31 13:07:30  <--  [200] POST http://localhost:5001/api/payments/webhook/stripe [evt_3TH5lGABx89998kV1Sm7iPOD]
2026-03-31 13:07:30   --> payment_intent.created [evt_3TH5lGABx89998kV16O3nyku]
2026-03-31 13:07:30  <--  [200] POST http://localhost:5001/api/payments/webhook/stripe [evt_3TH5lGABx89998kV16O3nyku]
Session expired, reconnecting...
Ready! You are using Stripe API Version [2025-05-28.basil]. Your webhook signing secret is whsec_b38540db08aeef3482b7a05417e2fd80defc34e7d1fcb48a3f60273a7851eff7 (^C to quit)
Session expired, reconnecting...
Ready! You are using Stripe API Version [2025-05-28.basil]. Your webhook signing secret is whsec_b38540db08aeef3482b7a05417e2fd80defc34e7d1fcb48a3f60273a7851eff7 (^C to quit)
2026-03-31 14:26:37   --> payment_intent.created [evt_3TH6zpABx89998kV0Jvkf4Hl]
2026-03-31 14:26:37  <--  [200] POST http://localhost:5001/api/payments/webhook/stripe [evt_3TH6zpABx89998kV0Jvkf4Hl]
2026-03-31 14:26:37   --> payment_intent.created [evt_3TH6zpABx89998kV0yEUhW4s]
2026-03-31 14:26:37  <--  [200] POST http://localhost:5001/api/payments/webhook/stripe [evt_3TH6zpABx89998kV0yEUhW4s]
Session expired, reconnecting...
Ready! You are using Stripe API Version [2025-05-28.basil]. Your webhook signing secret is whsec_b38540db08aeef3482b7a05417e2fd80defc34e7d1fcb48a3f60273a7851eff7 (^C to quit)
Session expired, reconnecting...
Ready! You are using Stripe API Version [2025-05-28.basil]. Your webhook signing secret is whsec_b38540db08aeef3482b7a05417e2fd80defc34e7d1fcb48a3f60273a7851eff7 (^C to quit)
Session expired, reconnecting...
Ready! You are using Stripe API Version [2025-05-28.basil]. Your webhook signing secret is whsec_b38540db08aeef3482b7a05417e2fd80defc34e7d1fcb48a3f60273a7851eff7 (^C to quit)
2026-03-31 15:28:59   --> payment_intent.created [evt_3TH7yBABx89998kV0w4e0ryj]
2026-03-31 15:28:59  <--  [200] POST http://localhost:5001/api/payments/webhook/stripe [evt_3TH7yBABx89998kV0w4e0ryj]
2026-03-31 15:28:59   --> payment_intent.created [evt_3TH7yBABx89998kV0nIYNS3M]
2026-03-31 15:28:59  <--  [200] POST http://localhost:5001/api/payments/webhook/stripe [evt_3TH7yBABx89998kV0nIYNS3M]
2026-03-31 15:40:22   --> payment_intent.created [evt_3TH89CABx89998kV1C555PoX]
2026-03-31 15:40:22  <--  [200] POST http://localhost:5001/api/payments/webhook/stripe [evt_3TH89CABx89998kV1C555PoX]
2026-03-31 15:40:22   --> payment_intent.created [evt_3TH89CABx89998kV0Narr08u]
2026-03-31 15:40:22  <--  [200] POST http://localhost:5001/api/payments/webhook/stripe [evt_3TH89CABx89998kV0Narr08u]
